"../../../Engine/Content/ArtTools/RenderToTexture/Enums/RenderToTexture_Enum.uasset" 0
"../../../Engine/Content/ArtTools/RenderToTexture/Enums/RenderToTexture_Flipbook_Enum.uasset" 1
"../../../Engine/Content/ArtTools/RenderToTexture/Enums/RenderToTexture_Imposter_Enum.uasset" 2
"../../../Engine/Content/EditorBlueprintResources/StandardMacros.uasset" 3
"../../../Engine/Content/ArtTools/RenderToTexture/Enums/EIntTypes.uasset" 4
"../../../Engine/Content/ArtTools/RenderToTexture/Macros/RenderToTextureFunctionLibrary.uasset" 5
"../../../Engine/Content/ArtTools/RenderToTexture/Enums/EFloatTypes.uasset" 6
"../../../Engine/Content/ArtTools/RenderToTexture/Macros/RenderToTextureMacros.uasset" 7
"../../../Engine/Content/Functions/Engine_MaterialFunctions01/Opacity/CameraDepthFade.uasset" 8
"../../../Engine/Content/EngineMaterials/T_Default_Material_Grid_M.uasset" 9
"../../../Engine/Content/EngineMaterials/T_Default_Material_Grid_N.uasset" 10
"../../../Engine/Content/EngineMaterials/WorldGridMaterial.uasset" 11
"../../../Engine/Content/ArtTools/RenderToTexture/Meshes/S_1_Unit_Plane.uasset" 12
"../../../Engine/Content/EngineMaterials/DefaultMaterial.uasset" 13
"../../../Engine/Content/BasicShapes/Cone.uasset" 14
"../../../Engine/Content/BasicShapes/Cube.uasset" 15
"../../../Engine/Content/BasicShapes/Cylinder.uasset" 16
"../../../Engine/Content/BasicShapes/Plane.uasset" 17
"../../../Engine/Content/BasicShapes/Sphere.uasset" 18
"../../../Engine/Content/EngineMaterials/DefaultPhysicalMaterial.uasset" 19
"../../../Engine/Content/BufferVisualization/AmbientOcclusion.uasset" 20
"../../../Engine/Content/BufferVisualization/BaseColor.uasset" 21
"../../../Engine/Content/BufferVisualization/CustomDepth.uasset" 22
"../../../Engine/Content/Functions/Engine_MaterialFunctions02/Utility/VectorLength.uasset" 23
"../../../Engine/Content/BufferVisualization/CustomDepthWorldUnits.uasset" 24
"../../../Engine/Content/Functions/Engine_MaterialFunctions02/Utility/BreakOutFloat2Components.uasset" 25
"../../../Engine/Content/Functions/Engine_MaterialFunctions01/Texturing/ScaleUVsByCenter.uasset" 26
"../../../Engine/Content/Functions/Engine_MaterialFunctions02/ScreenResolution.uasset" 27
"../../../Engine/Content/Functions/Engine_MaterialFunctions02/Texturing/ScreenAlignedUVs.uasset" 28
"../../../Engine/Content/Functions/Engine_MaterialFunctions02/Utility/MakeFloat2.uasset" 29
"../../../Engine/Content/Functions/Engine_MaterialFunctions02/Utility/MakeFloat3.uasset" 30
"../../../Engine/Content/EngineMaterials/MiniFont.uasset" 31
"../../../Engine/Content/BufferVisualization/CustomStencil.uasset" 32
"../../../Engine/Content/BufferVisualization/FinalImage.uasset" 33
"../../../Engine/Content/BufferVisualization/LightingModel.uasset" 34
"../../../Engine/Content/BufferVisualization/MaterialAO.uasset" 35
"../../../Engine/Content/BufferVisualization/Metallic.uasset" 36
"../../../Engine/Content/BufferVisualization/Opacity.uasset" 37
"../../../Engine/Content/BufferVisualization/PostTonemapHDRColor.uasset" 38
"../../../Engine/Content/BufferVisualization/PreTonemapHDRColor.uasset" 39
"../../../Engine/Content/BufferVisualization/Roughness.uasset" 40
"../../../Engine/Content/BufferVisualization/SceneColor.uasset" 41
"../../../Engine/Content/BufferVisualization/SceneDepth.uasset" 42
"../../../Engine/Content/BufferVisualization/SceneDepthWorldUnits.uasset" 43
"../../../Engine/Content/BufferVisualization/SeparateTranslucencyA.uasset" 44
"../../../Engine/Content/BufferVisualization/SeparateTranslucencyRGB.uasset" 45
"../../../Engine/Content/BufferVisualization/Specular.uasset" 46
"../../../Engine/Content/BufferVisualization/SubsurfaceColor.uasset" 47
"../../../Engine/Content/BufferVisualization/WorldNormal.uasset" 48
"../../../Engine/Content/EditorBlueprintResources/ActorMacros.uasset" 49
"../../../Engine/Content/EditorLandscapeResources/DataLayer.uasset" 50
"../../../Engine/Content/EditorLandscapeResources/DefaultAlphaTexture.uasset" 51
"../../../Engine/Content/EditorLandscapeResources/LandscapeGizmoHeight_Mat.uasset" 52
"../../../Engine/Content/EditorLandscapeResources/LandscapeGizmo_Mat.uasset" 53
"../../../Engine/Content/EditorLandscapeResources/LandscapeGizmo_Mat_Copied.uasset" 54
"../../../Engine/Content/EditorLandscapeResources/SplineEditorMeshMat.uasset" 55
"../../../Engine/Content/EditorLandscapeResources/SplineEditorMesh.uasset" 56
"../../../Engine/Content/EditorMaterials/Cross.uasset" 57
"../../../Engine/Content/EditorMaterials/Cross_Mat.uasset" 58
"../../../Engine/Content/EditorMaterials/GizmoMaterial.uasset" 59
"../../../Engine/Content/Functions/Engine_MaterialFunctions02/Utility/Sign.uasset" 60
"../../../Engine/Content/Functions/Engine_MaterialFunctions02/Utility/Round.uasset" 61
"../../../Engine/Content/Functions/Engine_MaterialFunctions02/ExampleContent/Textures/flipbook.uasset" 62
"../../../Engine/Content/Functions/Engine_MaterialFunctions02/Texturing/FlipBook.uasset" 63
"../../../Engine/Content/EditorResources/T_EditorHelp.uasset" 64
"../../../Engine/Content/EditorMaterials/HelpActorMaterial.uasset" 65
"../../../Engine/Content/EditorMaterials/CompositeARGBLayer.uasset" 66
"../../../Engine/Content/EditorMaterials/TilingAALineIntegral.uasset" 67
"../../../Engine/Content/EditorMaterials/TilingAALineBoxFiltered.uasset" 68
"../../../Engine/Content/Functions/Engine_MaterialFunctions03/Procedurals/ComputeFilterWidth.uasset" 69
"../../../Engine/Content/EditorMaterials/TilingAADots.uasset" 70
"../../../Engine/Content/EditorMaterials/Cascade/CASC_Cross.uasset" 71
"../../../Engine/Content/EditorMaterials/Cascade/CASC_None.uasset" 72
"../../../Engine/Content/Functions/Engine_MaterialFunctions03/Blends/Blend_Screen.uasset" 73
"../../../Engine/Content/EditorMaterials/TilingAAGrid.uasset" 74
"../../../Engine/Content/EditorMaterials/LevelGridMaterial.uasset" 75
"../../../Engine/Content/EditorMaterials/MakeCompositeARGBLayer.uasset" 76
"../../../Engine/Content/EditorResources/LevelGrid1DStripes.uasset" 77
"../../../Engine/Content/EditorMaterials/TextureGridCascaded1D.uasset" 78
"../../../Engine/Content/EditorMaterials/TextureGridCascaded2D.uasset" 79
"../../../Engine/Content/EditorMaterials/LevelGridMaterial2.uasset" 80
"../../../Engine/Content/EditorMaterials/MAT_Groups_Toggle.uasset" 81
"../../../Engine/Content/EditorMaterials/MAT_Groups_Visibility.uasset" 82
"../../../Engine/Content/EditorMaterials/AntialiasedGridFloor.uasset" 83
"../../../Engine/Content/EditorResources/TilePatine_D.uasset" 84
"../../../Engine/Content/EditorResources/TilePatine_N.uasset" 85
"../../../Engine/Content/EngineMaterials/Grid.uasset" 86
"../../../Engine/Content/EditorMaterials/PersonaFloorMat.uasset" 87
"../../../Engine/Content/EditorMaterials/PhAT_BoneSelectedMaterial.uasset" 88
"../../../Engine/Content/EditorMaterials/PhAT_ElemSelectedMaterial.uasset" 89
"../../../Engine/Content/EditorMaterials/PhAT_NoCollisionMaterial.uasset" 90
"../../../Engine/Content/EditorMaterials/PhAT_UnselectedMaterial.uasset" 91
"../../../Engine/Content/EditorMaterials/PreviewShadowIndicator.uasset" 92
"../../../Engine/Content/EditorMaterials/PreviewShadowIndicatorMaterial.uasset" 93
"../../../Engine/Content/EditorMaterials/TargetIcon.uasset" 94
"../../../Engine/Content/EditorMaterials/Tick.uasset" 95
"../../../Engine/Content/EditorMaterials/Tick_Mat.uasset" 96
"../../../Engine/Content/EditorMaterials/WidgetGridVertexColorMaterial.uasset" 97
"../../../Engine/Content/EditorMaterials/WidgetGridVertexColorMaterial_Ma.uasset" 98
"../../../Engine/Content/EditorMaterials/WidgetMaterial.uasset" 99
"../../../Engine/Content/EditorMaterials/WidgetMaterial_Current.uasset" 100
"../../../Engine/Content/EditorMaterials/WidgetMaterial_X.uasset" 101
"../../../Engine/Content/EditorMaterials/WidgetMaterial_Y.uasset" 102
"../../../Engine/Content/EditorMaterials/WidgetMaterial_Z.uasset" 103
"../../../Engine/Content/EditorMaterials/WidgetVertexColorMaterial.uasset" 104
"../../../Engine/Content/EditorMaterials/AssetViewer/EpicQuadPanorama_CC+EV1.uasset" 105
"../../../Engine/Content/MapTemplates/Sky/SunsetAmbientCubemap.uasset" 106
"../../../Engine/Content/EditorMaterials/AssetViewer/M_SkyBox.uasset" 107
"../../../Engine/Content/EditorMaterials/MatineeGroups/MAT_ColorTrack.uasset" 108
"../../../Engine/Content/EditorMaterials/MatineeGroups/MAT_Groups_Anim.uasset" 109
"../../../Engine/Content/EditorMaterials/MatineeGroups/MAT_Groups_AudioMaster.uasset" 110
"../../../Engine/Content/EditorMaterials/MatineeGroups/MAT_Groups_Director.uasset" 111
"../../../Engine/Content/EditorMaterials/MatineeGroups/MAT_Groups_Event.uasset" 112
"../../../Engine/Content/EditorMaterials/MatineeGroups/MAT_Groups_Fade.uasset" 113
"../../../Engine/Content/EditorMaterials/MatineeGroups/MAT_Groups_Float.uasset" 114
"../../../Engine/Content/EditorMaterials/MatineeGroups/MAT_Groups_Move.uasset" 115
"../../../Engine/Content/EditorMaterials/MatineeGroups/MAT_Groups_Slomo.uasset" 116
"../../../Engine/Content/EditorMaterials/MatineeGroups/MAT_Groups_Sound.uasset" 117
"../../../Engine/Content/EditorMaterials/MatineeGroups/MAT_Groups_Vector.uasset" 118
"../../../Engine/Content/EditorMaterials/ParticleSystems/PSysThumbnail_NoImage.uasset" 119
"../../../Engine/Content/EditorMaterials/ParticleSystems/PSysThumbnail_OOD.uasset" 120
"../../../Engine/Content/EditorMaterials/Thumbnails/FloorPlaneMaterial.uasset" 121
"../../../Engine/Content/EditorMeshes/EditorCube.uasset" 122
"../../../Engine/Content/EditorMeshes/EditorCylinder.uasset" 123
"../../../Engine/Content/EditorMeshes/EditorPlane.uasset" 124
"../../../Engine/Content/EditorMaterials/Thumbnails/SkySphereMaterial.uasset" 125
"../../../Engine/Content/EditorMeshes/EditorSkySphere.uasset" 126
"../../../Engine/Content/EditorMeshes/EditorSphere.uasset" 127
"../../../Engine/Content/EditorResources/MatineeCam_D.uasset" 128
"../../../Engine/Content/EditorMaterials/MatineeCam_mat.uasset" 129
"../../../Engine/Content/EditorMeshes/MatineeCam_SM.uasset" 130
"../../../Engine/Content/Functions/Engine_MaterialFunctions01/Shading/ConvertFromDiffSpec.uasset" 131
"../../../Engine/Content/EditorMaterials/GridMaterial.uasset" 132
"../../../Engine/Content/EditorMeshes/PhAT_FloorBox.uasset" 133
"../../../Engine/Content/EditorMeshes/AssetViewer/Floor_Mesh.uasset" 134
"../../../Engine/Content/EditorMeshes/AssetViewer/Sphere_inversenormals.uasset" 135
"../../../Engine/Content/EditorMaterials/Camera/CineMat.uasset" 136
"../../../Engine/Content/EditorMaterials/Camera/MI_CineMat_CameraBody.uasset" 137
"../../../Engine/Content/EngineDebugMaterials/M_SimpleOpaque.uasset" 138
"../../../Engine/Content/EditorMaterials/Camera/MI_CineMat_CamViewFinder.uasset" 139
"../../../Engine/Content/EditorMeshes/Camera/SM_CineCam.uasset" 140
"../../../Engine/Content/EditorMaterials/Camera/MI_CineMat_Rig.uasset" 141
"../../../Engine/Content/EditorMeshes/Camera/SM_CraneRig_Arm.uasset" 142
"../../../Engine/Content/EditorMeshes/Camera/SM_CraneRig_Base.uasset" 143
"../../../Engine/Content/EditorMeshes/Camera/SM_CraneRig_Body.uasset" 144
"../../../Engine/Content/EditorMeshes/Camera/SM_CraneRig_Mount.uasset" 145
"../../../Engine/Content/EditorMeshes/Camera/SM_RailRig_Mount.uasset" 146
"../../../Engine/Content/EditorMeshes/Camera/SM_RailRig_Track.uasset" 147
"../../../Engine/Content/EditorMeshes/ColorCalibrator/M_ChromeBall.uasset" 148
"../../../Engine/Content/EditorMeshes/ColorCalibrator/M_ClearCoat.uasset" 149
"../../../Engine/Content/EditorMeshes/ColorCalibrator/M_ClearCoatBlack.uasset" 150
"../../../Engine/Content/EditorMeshes/ColorCalibrator/Color_checker.uasset" 151
"../../../Engine/Content/EditorMeshes/ColorCalibrator/M_ColorGrid.uasset" 152
"../../../Engine/Content/EditorMeshes/ColorCalibrator/M_GreyBall.uasset" 153
"../../../Engine/Content/EditorMeshes/ColorCalibrator/SM_ColorCalibrator.uasset" 154
"../../../Engine/Content/EditorResources/Bad.uasset" 155
"../../../Engine/Content/EditorResources/BSPVertex.uasset" 156
"../../../Engine/Content/EditorResources/EmptyActor.uasset" 157
"../../../Engine/Content/EditorResources/MatInstActSprite.uasset" 158
"../../../Engine/Content/EditorResources/SceneManager.uasset" 159
"../../../Engine/Content/EditorResources/SmallFont.uasset" 160
"../../../Engine/Content/EditorResources/S_Actor.uasset" 161
"../../../Engine/Content/EditorResources/S_DecalActorIcon.uasset" 162
"../../../Engine/Content/EditorResources/S_Emitter.uasset" 163
"../../../Engine/Content/EditorResources/S_ExpoHeightFog.uasset" 164
"../../../Engine/Content/EditorResources/S_FTest.uasset" 165
"../../../Engine/Content/EditorResources/S_KBSJoint.uasset" 166
"../../../Engine/Content/EditorResources/S_KHinge.uasset" 167
"../../../Engine/Content/EditorResources/S_KPrismatic.uasset" 168
"../../../Engine/Content/EditorResources/S_LevelSequence.uasset" 169
"../../../Engine/Content/EditorResources/S_NavP.uasset" 170
"../../../Engine/Content/EditorResources/S_Note.uasset" 171
"../../../Engine/Content/EditorResources/S_Player.uasset" 172
"../../../Engine/Content/EditorResources/S_PortalActorIcon2.uasset" 173
"../../../Engine/Content/EditorResources/S_RadForce.uasset" 174
"../../../Engine/Content/EditorResources/S_ReflActorIcon.uasset" 175
"../../../Engine/Content/EditorResources/S_Terrain.uasset" 176
"../../../Engine/Content/EditorResources/S_TextRenderActorIcon.uasset" 177
"../../../Engine/Content/EditorResources/S_Thruster.uasset" 178
"../../../Engine/Content/EditorResources/S_Trigger.uasset" 179
"../../../Engine/Content/EditorResources/S_VectorFieldVol.uasset" 180
"../../../Engine/Content/EditorResources/S_WindDirectional.uasset" 181
"../../../Engine/Content/EditorResources/AI/S_NavLink.uasset" 182
"../../../Engine/Content/EditorResources/LightIcons/SkyLight.uasset" 183
"../../../Engine/Content/EditorResources/LightIcons/S_LightDirectional.uasset" 184
"../../../Engine/Content/EditorResources/LightIcons/S_LightDirectionalMove.uasset" 185
"../../../Engine/Content/EditorResources/LightIcons/S_LightError.uasset" 186
"../../../Engine/Content/EditorResources/LightIcons/S_LightPoint.uasset" 187
"../../../Engine/Content/EditorResources/LightIcons/S_LightPointMove.uasset" 188
"../../../Engine/Content/EditorResources/LightIcons/S_LightSpot.uasset" 189
"../../../Engine/Content/EditorResources/LightIcons/S_LightSpotMove.uasset" 190
"../../../Engine/Content/EditorResources/SequenceRecorder/Countdown.uasset" 191
"../../../Engine/Content/EditorResources/SequenceRecorder/RecordingIndicator.uasset" 192
"../../../Engine/Content/EditorResources/Spline/T_Loft_Spline.uasset" 193
"../../../Engine/Content/EditorSounds/Notifications/CompileFailed.uasset" 194
"../../../Engine/Content/EditorSounds/Notifications/CompileFailed_Cue.uasset" 195
"../../../Engine/Content/EditorSounds/Notifications/CompileSuccess.uasset" 196
"../../../Engine/Content/EditorSounds/Notifications/CompileStart_Cue.uasset" 197
"../../../Engine/Content/EditorSounds/Notifications/CompileSuccess_Cue.uasset" 198
"../../../Engine/Content/EngineDamageTypes/DmgTypeBP_Environmental.uasset" 199
"../../../Engine/Content/EngineDebugMaterials/HeatmapGradient.uasset" 200
"../../../Engine/Content/EngineDebugMaterials/BoneWeightMaterial.uasset" 201
"../../../Engine/Content/EngineDebugMaterials/ClothMaterial.uasset" 202
"../../../Engine/Content/EngineDebugMaterials/ClothMaterial_WF.uasset" 203
"../../../Engine/Content/EngineDebugMaterials/DebugEditorMaterial.uasset" 204
"../../../Engine/Content/EngineDebugMaterials/DebugMeshMaterial.uasset" 205
"../../../Engine/Content/EngineDebugMaterials/GeomMaterial.uasset" 206
"../../../Engine/Content/EngineDebugMaterials/LevelColorationLitMaterial.uasset" 207
"../../../Engine/Content/EngineDebugMaterials/LevelColorationUnlitMaterial.uasset" 208
"../../../Engine/Content/EngineMaterials/DefaultWhiteGrid.uasset" 209
"../../../Engine/Content/EngineDebugMaterials/MAT_LevelColorationLitLightmapUV.uasset" 210
"../../../Engine/Content/EngineDebugMaterials/M_SimpleTranslucent.uasset" 211
"../../../Engine/Content/EngineDebugMaterials/ShadedLevelColorationLitMaterial.uasset" 212
"../../../Engine/Content/EngineDebugMaterials/ShadedLevelColorationUnlitMateri.uasset" 213
"../../../Engine/Content/EngineDebugMaterials/VertexColorMaterial.uasset" 214
"../../../Engine/Content/EngineDebugMaterials/VertexColorViewMode_AlphaAsColor.uasset" 215
"../../../Engine/Content/EngineDebugMaterials/VertexColorViewMode_BlueOnly.uasset" 216
"../../../Engine/Content/EngineDebugMaterials/VertexColorViewMode_ColorOnly.uasset" 217
"../../../Engine/Content/EngineDebugMaterials/VertexColorViewMode_GreenOnly.uasset" 218
"../../../Engine/Content/EngineDebugMaterials/VertexColorViewMode_RedOnly.uasset" 219
"../../../Engine/Content/EngineDebugMaterials/WireframeMaterial.uasset" 220
"../../../Engine/Content/EngineFonts/Faces/RobotoBold.uasset" 221
"../../../Engine/Content/EngineFonts/Faces/RobotoBoldItalic.uasset" 222
"../../../Engine/Content/EngineFonts/Faces/RobotoItalic.uasset" 223
"../../../Engine/Content/EngineFonts/Faces/RobotoLight.uasset" 224
"../../../Engine/Content/EngineFonts/Faces/RobotoRegular.uasset" 225
"../../../Engine/Content/EngineFonts/Roboto.uasset" 226
"../../../Engine/Content/EngineFonts/Faces/RobotoTiny.uasset" 227
"../../../Engine/Content/EngineFonts/RobotoTiny.uasset" 228
"../../../Engine/Content/EngineFonts/SmallFont.uasset" 229
"../../../Engine/Content/EngineFonts/TinyFont.uasset" 230
"../../../Engine/Content/EngineResources/WhiteSquareTexture.uasset" 231
"../../../Engine/Content/EngineMaterials/BlinkingCaret.uasset" 232
"../../../Engine/Content/EngineMaterials/DefaultBloomKernel.uasset" 233
"../../../Engine/Content/EngineMaterials/DefaultBokeh.uasset" 234
"../../../Engine/Content/EngineMaterials/DefaultDiffuse.uasset" 235
"../../../Engine/Content/EngineMaterials/DefaultDeferredDecalMaterial.uasset" 236
"../../../Engine/Content/EngineMaterials/DefaultLightFunctionMaterial.uasset" 237
"../../../Engine/Content/EngineMaterials/DefaultPostProcessMaterial.uasset" 238
"../../../Engine/Content/EngineFonts/RobotoDistanceField.uasset" 239
"../../../Engine/Content/EngineMaterials/DefaultTextMaterialOpaque.uasset" 240
"../../../Engine/Content/EngineMaterials/EditorBrushMaterial.uasset" 241
"../../../Engine/Content/EngineMaterials/Grid_N.uasset" 242
"../../../Engine/Content/EngineMaterials/HighResolutionScreenshotMaskFunction.uasset" 243
"../../../Engine/Content/EngineMaterials/HighResScreenshot.uasset" 244
"../../../Engine/Content/EngineMaterials/HighResScreenshotCaptureRegion.uasset" 245
"../../../Engine/Content/EngineMaterials/HighResScreenshotMask.uasset" 246
"../../../Engine/Content/EngineMaterials/LandscapeHolePhysicalMaterial.uasset" 247
"../../../Engine/Content/EngineMaterials/InvalidLightmapSettings.uasset" 248
"../../../Engine/Content/EngineMaterials/M_InvalidLightmapSettings.uasset" 249
"../../../Engine/Content/EngineMaterials/PaperDiffuse.uasset" 250
"../../../Engine/Content/EngineMaterials/PaperNormal.uasset" 251
"../../../Engine/Content/Functions/Engine_MaterialFunctions02/WorldPositionOffset/CameraOffset.uasset" 252
"../../../Engine/Content/EngineMaterials/PhAT_JointLimitMaterial.uasset" 253
"../../../Engine/Content/EngineMaterials/PhysMat_Rubber.uasset" 254
"../../../Engine/Content/EngineMaterials/PreintegratedSkinBRDF.uasset" 255
"../../../Engine/Content/EngineMaterials/RemoveSurfaceMaterial.uasset" 256
"../../../Engine/Content/EngineMaterials/WeightMapPlaceholderTexture.uasset" 257
"../../../Engine/Content/EngineMaterials/Widget3DPassThrough.uasset" 258
"../../../Engine/Content/EngineMaterials/Widget3DPassThrough_Masked.uasset" 259
"../../../Engine/Content/EngineMaterials/Widget3DPassThrough_Opaque.uasset" 260
"../../../Engine/Content/EngineMaterials/Widget3DPassThrough_Masked_OneSided.uasset" 261
"../../../Engine/Content/EngineMaterials/Widget3DPassThrough_Opaque_OneSided.uasset" 262
"../../../Engine/Content/EngineMaterials/Widget3DPassThrough_Translucent.uasset" 263
"../../../Engine/Content/EngineMaterials/Widget3DPassThrough_Translucent_OneSided.uasset" 264
"../../../Engine/Content/EngineMeshes/Cube.uasset" 265
"../../../Engine/Content/EngineMeshes/Cylinder.uasset" 266
"../../../Engine/Content/EngineMeshes/Sphere.uasset" 267
"../../../Engine/Content/EngineResources/DefaultTexture.uasset" 268
"../../../Engine/Content/EngineResources/DefaultTextureCube.uasset" 269
"../../../Engine/Content/EngineResources/GradientTexture0.uasset" 270
"../../../Engine/Content/EngineResources/StreamingPauseIcon.uasset" 271
"../../../Engine/Content/EngineResources/M_StreamingPause.uasset" 272
"../../../Engine/Content/EngineSounds/Master.uasset" 273
"../../../Engine/Content/Functions/Engine_MaterialFunctions01/Shading/PowerToRoughness.uasset" 274
"../../../Engine/Content/Maps/Templates/Thumbnails/Default.uasset" 275
"../../../Engine/Content/Maps/Templates/Thumbnails/VR-Basic.uasset" 276
"../../../Engine/Content/MapTemplates/Sky/DaylightAmbientCubemap.uasset" 277
"../../../Engine/Content/MobileResources/T_MobileControls_texture.uasset" 278
"../../../Engine/Content/MobileResources/T_MobileMenu2.uasset" 279
"../../../Engine/Content/MobileResources/HUD/AnalogHat.uasset" 280
"../../../Engine/Content/MobileResources/HUD/VirtualJoystick_Background.uasset" 281
"../../../Engine/Content/MobileResources/HUD/VirtualJoystick_Thumb.uasset" 282
"../../../Engine/Content/MobileResources/HUD/DefaultVirtualJoysticks.uasset" 283
"../../../Engine/Content/MobileResources/HUD/LeftVirtualJoystickOnly.uasset" 284
"../../../Engine/Content/MobileResources/HUD/MobileHUDButton1_off.uasset" 285
"../../../Engine/Content/MobileResources/HUD/MobileHUDButton1_on.uasset" 286
"../../../Engine/Content/MobileResources/HUD/MobileHUDButton2_off.uasset" 287
"../../../Engine/Content/MobileResources/HUD/MobileHUDButton2_on.uasset" 288
"../../../Engine/Content/MobileResources/HUD/MobileHUDButton3.uasset" 289
"../../../Engine/Content/MobileResources/HUD/MobileHUDButtonFire.uasset" 290
"../../../Engine/Content/MobileResources/HUD/MobileHUDDirectionPad.uasset" 291
"../../../Engine/Content/MobileResources/HUD/MobileHUDDirectionPad2.uasset" 292
"../../../Engine/Content/MobileResources/HUD/MobileHUDDirectionPad3.uasset" 293
"../../../Engine/Content/MobileResources/HUD/MobileHUDDirectionStick.uasset" 294
"../../../Engine/Content/MobileResources/HUD/T_Castle_ThumbstickInner.uasset" 295
"../../../Engine/Content/MobileResources/HUD/T_Castle_ThumbstickOutter.uasset" 296
"../../../Engine/Content/Tutorial/ContentIntroCurve.uasset" 297
"../../../Engine/Content/Tutorial/Basics/TutorialAssets/icon_tab_Levels_40x.uasset" 298
"../../../Engine/Content/Tutorial/BlueprintTutorials/TutorialAssets/BlueprintInterface_64x.uasset" 299
"../../../Engine/Content/Tutorial/BlueprintTutorials/TutorialAssets/BlueprintMacroLibrary_64x.uasset" 300
"../../../Engine/Content/Tutorial/BlueprintTutorials/TutorialAssets/Blueprint_64x.uasset" 301
"../../../Engine/Content/Tutorial/BlueprintTutorials/TutorialAssets/Tutorial_BP_Interface.uasset" 302
"../../../Engine/Content/Tutorial/Foliage/TutorialAssets/Foliage.uasset" 303
"../../../Engine/Content/Tutorial/Landscape/TutorialAssets/Landscape.uasset" 304
"../../../Engine/Content/Tutorial/Paper2D/TutorialAssets/Paper2DFlipbook_TutorialIcon.uasset" 305
"../../../Engine/Content/Tutorial/Paper2D/TutorialAssets/Paper2DSprite_TutorialIcon.uasset" 306
"../../../Engine/Content/Tutorial/SubEditors/TutorialAssets/icon_Editor_Preferences_General_40x.uasset" 307
"../../../Engine/Content/Tutorial/SubEditors/TutorialAssets/icon_ShowSkeletalMeshes_40x.uasset" 308
"../../../Engine/Content/Tutorial/SubEditors/TutorialAssets/TutorialMaterial.uasset" 309
"../../../Engine/Content/Tutorial/SubEditors/TutorialAssets/T_SmokeSubUV_8X8.uasset" 310
"../../../Engine/Content/Tutorial/SubEditors/TutorialAssets/T_soft_smoke.uasset" 311
"../../../Engine/Content/Tutorial/SubEditors/TutorialAssets/M_smoke_subUV_blackbody.uasset" 312
"../../../Engine/Content/Tutorial/SubEditors/TutorialAssets/TutorialParticleSystem.uasset" 313
"../../../Engine/Content/VREditor/Devices/Generic/GenericHMDMaterial.uasset" 314
"../../../Engine/Content/VREditor/Devices/Generic/GenericHMD.uasset" 315
"../../../Engine/Content/Functions/Engine_MaterialFunctions02/Utility/BreakOutFloat3Components.uasset" 316
"../../../Engine/Content/VREditor/Devices/Vive/VivePreController_MasksB.uasset" 317
"../../../Engine/Content/VREditor/Devices/Oculus/OculusControllerMaterial.uasset" 318
"../../../Engine/Content/VREditor/Devices/Oculus/OculusControllerMaterial_Inst.uasset" 319
"../../../Engine/Content/VREditor/Devices/Oculus/OculusControllerMesh.uasset" 320
"../../../Engine/Content/VREditor/Devices/Vive/T_VivePreController_EM.uasset" 321
"../../../Engine/Content/VREditor/Devices/Vive/VivePreController_MasksA.uasset" 322
"../../../Engine/Content/VREditor/Devices/Vive/VivePreControllerDiffuse.uasset" 323
"../../../Engine/Content/VREditor/Devices/Vive/VivePreControllerSpec.uasset" 324
"../../../Engine/Content/VREditor/LaserPointer/VR_LaserPower_01.uasset" 325
"../../../Engine/Content/VREditor/Devices/Vive/VivePreControllerMaterial.uasset" 326
"../../../Engine/Content/VREditor/Devices/Vive/VivePreControllerMaterial_Inst.uasset" 327
"../../../Engine/Content/VREditor/Devices/Vive/VivePreControllerMesh.uasset" 328
"../../../Engine/Content/VREditor/FloatingText/LineMaterial.uasset" 329
"../../../Engine/Content/VREditor/FloatingText/JointSphere.uasset" 330
"../../../Engine/Content/VREditor/FloatingText/LineSegmentCylinder.uasset" 331
"../../../Engine/Content/VREditor/Fonts/VRText_RobotoLarge.uasset" 332
"../../../Engine/Content/VREditor/Fonts/VRTextMaterial.uasset" 333
"../../../Engine/Content/VREditor/Fonts/TranslucentVRTextMaterial.uasset" 334
"../../../Engine/Content/VREditor/LaserPointer/CursorPointer.uasset" 335
"../../../Engine/Content/VREditor/TransformGizmo/TransformGizmoMaterial.uasset" 336
"../../../Engine/Content/VREditor/LaserPointer/HoverMaterial.uasset" 337
"../../../Engine/Content/VREditor/TransformGizmo/TranslucentTransformGizmoMaterial.uasset" 338
"../../../Engine/Content/VREditor/LaserPointer/TranslucentHoverMaterial.uasset" 339
"../../../Engine/Content/VREditor/LaserPointer/HoverMesh.uasset" 340
"../../../Engine/Content/VREditor/LaserPointer/LaserPointerMaterial.uasset" 341
"../../../Engine/Content/VREditor/LaserPointer/LaserPointerMaterialInst.uasset" 342
"../../../Engine/Content/VREditor/LaserPointer/TranslucentLaserPointerMaterialInst.uasset" 343
"../../../Engine/Content/VREditor/LaserPointer/LaserPointerMesh.uasset" 344
"../../../Engine/Content/VREditor/LaserPointer/LaserPointerMesh_End.uasset" 345
"../../../Engine/Content/VREditor/LaserPointer/LaserPointerMesh_Start.uasset" 346
"../../../Engine/Content/VREditor/Sounds/VR_teleport.uasset" 347
"../../../Engine/Content/VREditor/Sounds/UI/Click_on_Button.uasset" 348
"../../../Engine/Content/VREditor/Sounds/UI/Click_on_Button_Cue.uasset" 349
"../../../Engine/Content/VREditor/Sounds/UI/Dockable_Window_Close.uasset" 350
"../../../Engine/Content/VREditor/Sounds/UI/Dockable_Window_Drop.uasset" 351
"../../../Engine/Content/VREditor/Sounds/UI/Dockable_Window_Open.uasset" 352
"../../../Engine/Content/VREditor/Sounds/UI/Dockable_Window_Pick_Up.uasset" 353
"../../../Engine/Content/VREditor/Sounds/UI/Drop_Item_From_ContentBrowser.uasset" 354
"../../../Engine/Content/VREditor/Sounds/UI/Floating_UI_Open-001.uasset" 355
"../../../Engine/Content/VREditor/Sounds/UI/Radial_Menu_FadeOut.uasset" 356
"../../../Engine/Content/VREditor/Sounds/UI/Teleport_Mode_Entered.uasset" 357
"../../../Engine/Content/VREditor/Teleport/TeleportDirectionMaterial.uasset" 358
"../../../Engine/Content/VREditor/Teleport/TeleportDirectionMaterial_Inst.uasset" 359
"../../../Engine/Content/VREditor/Teleport/TeleportDirectionMesh.uasset" 360
"../../../Engine/Content/VREditor/TransformGizmo/BoundingBoxCorner.uasset" 361
"../../../Engine/Content/VREditor/TransformGizmo/BoundingBoxEdge.uasset" 362
"../../../Engine/Content/VREditor/TransformGizmo/PlaneTranslationHandle.uasset" 363
"../../../Engine/Content/VREditor/TransformGizmo/Main.uasset" 364
"../../../Engine/Content/VREditor/TransformGizmo/Xray.uasset" 365
"../../../Engine/Content/VREditor/TransformGizmo/SM_Dialog_Close.uasset" 366
"../../../Engine/Content/VREditor/TransformGizmo/SM_Dialog_Move.uasset" 367
"../../../Engine/Content/VREditor/TransformGizmo/SM_Sequencer_Key.uasset" 368
"../../../Engine/Content/VREditor/TransformGizmo/SM_Sequencer_Node.uasset" 369
"../../../Engine/Content/VREditor/TransformGizmo/TransformGizmoMaterial_Inst.uasset" 370
"../../../Engine/Content/VREditor/TransformGizmo/TranslucentTransformGizmoMaterial_Inst.uasset" 371
"../../../Engine/Content/VREditor/Devices/Vive/UE4_Logo.uasset" 372
"../../../Engine/Content/VREditor/UI/M_ContentWindow.uasset" 373
"../../../Engine/Content/VREditor/UI/SM_ContentWindow_01.uasset" 374
"../../../Engine/Content/VREditor/UI/KeyDiskMaterial.uasset" 375
"../../../Engine/Content/VREditor/UI/DiscMaterial.uasset" 376
"../../../Engine/Content/VREditor/UI/SM_Radial_Disk.uasset" 377
"../../../Engine/Content/VREditor/UI/ArrowMaterial.uasset" 378
"../../../Engine/Content/VREditor/UI/SM_Radial_Pointer.uasset" 379
"../../../Engine/Content/Functions/Engine_MaterialFunctions01/Gradient/RadialGradient.uasset" 380
"../../../Engine/Content/VREditor/WorldMovementGrid/SimpleGrid.uasset" 381
"../../../Engine/Content/VREditor/WorldMovementGrid/GridMaterial.uasset" 382
"../../../Engine/Content/Functions/Engine_MaterialFunctions01/Density/ExponentialDensity.uasset" 383
"../../../Engine/Content/VREditor/WorldMovementGrid/GridPostProcess.uasset" 384
"../../../Engine/Content/EditorLandscapeResources/FlattenHeightMat.uasset" 385
"../../../Engine/Content/VREditor/WorldMovementGrid/PlaneMesh.uasset" 386
"../../../Engine/Content/Functions/Engine_MaterialFunctions01/Gradient/LinearGradient.uasset" 387
"../../../Engine/Content/Functions/Engine_MaterialFunctions01/ImageAdjustment/CheapContrast.uasset" 388
"../../../Engine/Content/Functions/Engine_MaterialFunctions01/Shading/MetallicShading.uasset" 389
"../../../Engine/Content/Functions/Engine_MaterialFunctions01/Texturing/FlattenNormal.uasset" 390
"../../../Engine/Content/Functions/Engine_MaterialFunctions01/Texturing/WorldAlignedTexture.uasset" 391
"../../../Engine/Content/Functions/Engine_MaterialFunctions02/Texturing/ScreenAlignedPixelToPixelUVs.uasset" 392
"../../../Engine/Content/Functions/Engine_MaterialFunctions02/Utility/BlendAngleCorrectedNormals.uasset" 393
"../../../Engine/Content/EngineMaterials/Good64x64TilingNoiseHighFreq.uasset" 394
"../../../Engine/Content/Functions/Engine_MaterialFunctions02/Utility/DitherTemporalAA.uasset" 395
"../../../Engine/Content/Functions/Engine_MaterialFunctions03/Blends/Blend_Overlay.uasset" 396
"../../../Engine/Content/Functions/Engine_MaterialFunctions03/Blends/Blend_SoftLight.uasset" 397
"../../../Engine/Content/Functions/Engine_MaterialFunctions03/Blends/Lerp_ScratchGrime.uasset" 398
"../../../Engine/Content/Functions/MaterialLayerFunctions/MatLayerBlend_BakedNormal.uasset" 399
"../../../Engine/Content/Functions/MaterialLayerFunctions/MatLayerBlend_BreakBaseColor.uasset" 400
"../../../Engine/Content/Functions/MaterialLayerFunctions/MatLayerBlend_Emissive.uasset" 401
"../../../Engine/Content/Functions/MaterialLayerFunctions/MatLayerBlend_ModulateRoughness.uasset" 402
"../../../Engine/Content/Functions/MaterialLayerFunctions/MatLayerBlend_OverrideBaseColor.uasset" 403
"../../../Engine/Content/Functions/MaterialLayerFunctions/MatLayerBlend_Standard.uasset" 404
"../../../Engine/Content/Functions/MaterialLayerFunctions/MatLayerBlend_TenLayerBlend.uasset" 405
"../../../Engine/Content/Functions/MaterialLayerFunctions/MatLayerBlend_Tint.uasset" 406
"D:/UnrealEngine/Projects/PortfolioEHub/PortfolioE/PortfolioE/Content/ParagonSevarog/Characters/Global/MaterialFunctions/MaterialLayerConstructors/MF_BaseColorTintAndContrast.uasset" 407
"D:/UnrealEngine/Projects/PortfolioEHub/PortfolioE/PortfolioE/Content/ParagonSevarog/Characters/Global/MaterialFunctions/MaterialLayerConstructors/MF_RoughnessAdjustment.uasset" 408
"D:/UnrealEngine/Projects/PortfolioEHub/PortfolioE/PortfolioE/Content/ParagonSevarog/Characters/Global/MaterialFunctions/MaterialLayerConstructors/MLC_ScratchAndGrime.uasset" 409
"../../../Engine/Content/EngineMaterials/DefaultNormal.uasset" 410
"D:/UnrealEngine/Projects/PortfolioEHub/PortfolioE/PortfolioE/Content/ParagonSevarog/Characters/Global/MaterialFunctions/MaterialLayerConstructors/MLC_Standard.uasset" 411
"D:/UnrealEngine/Projects/PortfolioEHub/PortfolioE/PortfolioE/Content/ParagonSevarog/Characters/Global/MaterialFunctions/MF_BrightnessAdjust.uasset" 412
"D:/UnrealEngine/Projects/PortfolioEHub/PortfolioE/PortfolioE/Content/ParagonSevarog/Characters/Global/MaterialFunctions/Textures/T_AtmosphericCloudNoise01.uasset" 413
"D:/UnrealEngine/Projects/PortfolioEHub/PortfolioE/PortfolioE/Content/ParagonSevarog/Characters/Global/MaterialFunctions/Textures/T_AtmosphericCloudNoise01_N.uasset" 414
"D:/UnrealEngine/Projects/PortfolioEHub/PortfolioE/PortfolioE/Content/ParagonSevarog/Characters/Global/MaterialFunctions/Textures/T_AtmosphericCloudNoise03.uasset" 415
"D:/UnrealEngine/Projects/PortfolioEHub/PortfolioE/PortfolioE/Content/ParagonSevarog/Characters/Global/MaterialFunctions/MF_DeathFade.uasset" 416
"D:/UnrealEngine/Projects/PortfolioEHub/PortfolioE/PortfolioE/Content/ParagonSevarog/Characters/Global/MaterialLayers/T_TestML_Mask.uasset" 417
"D:/UnrealEngine/Projects/PortfolioEHub/PortfolioE/PortfolioE/Content/ParagonSevarog/Characters/Global/MaterialLayers/ML_Blank.uasset" 418
"D:/UnrealEngine/Projects/PortfolioEHub/PortfolioE/PortfolioE/Content/ParagonSevarog/Characters/Global/ParameterCollections/OrionGlobalGameplayCollection.uasset" 419
"D:/UnrealEngine/Projects/PortfolioEHub/PortfolioE/PortfolioE/Content/ParagonSevarog/Characters/Global/MaterialFunctions/MF_HitFlash.uasset" 420
"D:/UnrealEngine/Projects/PortfolioEHub/PortfolioE/PortfolioE/Content/ParagonSevarog/Characters/Global/MaterialLayers/Metal/T_Blue_Metal02.uasset" 421
"D:/UnrealEngine/Projects/PortfolioEHub/PortfolioE/PortfolioE/Content/ParagonSevarog/Characters/Global/MaterialLayers/Rubber/T_Blank_N.uasset" 422
"D:/UnrealEngine/Projects/PortfolioEHub/PortfolioE/PortfolioE/Content/ParagonSevarog/Characters/Global/MaterialLayers/Metal/ML_blue_Metal.uasset" 423
"D:/UnrealEngine/Projects/PortfolioEHub/PortfolioE/PortfolioE/Content/ParagonSevarog/Characters/Global/MaterialFunctions/MF_OrionRimlight.uasset" 424
"D:/UnrealEngine/Projects/PortfolioEHub/PortfolioE/PortfolioE/Content/ParagonSevarog/Characters/Global/MaterialFunctions/MF_CharacterEffects.uasset" 425
"D:/UnrealEngine/Projects/PortfolioEHub/PortfolioE/PortfolioE/Content/ParagonSevarog/Characters/Global/T_Black_Linear.uasset" 426
"D:/UnrealEngine/Projects/PortfolioEHub/PortfolioE/PortfolioE/Content/ParagonSevarog/Characters/Global/MaterialFunctions/MF_OrionCharacterAO.uasset" 427
"D:/UnrealEngine/Projects/PortfolioEHub/PortfolioE/PortfolioE/Content/ParagonSevarog/Characters/Heroes/Sevarog/Textures/T_OldWeave_COLOR.uasset" 428
"D:/UnrealEngine/Projects/PortfolioEHub/PortfolioE/PortfolioE/Content/ParagonSevarog/Characters/Heroes/Sevarog/Textures/T_OldWeave_NRM.uasset" 429
"D:/UnrealEngine/Projects/PortfolioEHub/PortfolioE/PortfolioE/Content/ParagonSevarog/Characters/Heroes/Sevarog/Textures/T_UnpleasentGrime_D.uasset" 430
"D:/UnrealEngine/Projects/PortfolioEHub/PortfolioE/PortfolioE/Content/ParagonSevarog/Characters/Global/MaterialLayers/Fabric/ML_HeavyPatternedFabric2.uasset" 431
"D:/UnrealEngine/Projects/PortfolioEHub/PortfolioE/PortfolioE/Content/ParagonSevarog/Characters/Global/MaterialLayers/Leather/T_Dark_Leather_N.uasset" 432
"D:/UnrealEngine/Projects/PortfolioEHub/PortfolioE/PortfolioE/Content/ParagonSevarog/Characters/Global/MaterialLayers/Leather/T_Dark_Leather.uasset" 433
"D:/UnrealEngine/Projects/PortfolioEHub/PortfolioE/PortfolioE/Content/ParagonSevarog/Characters/Global/MaterialLayers/Leather/ML_Dark_Leather01_Stained.uasset" 434
"D:/UnrealEngine/Projects/PortfolioEHub/PortfolioE/PortfolioE/Content/ParagonSevarog/Characters/Global/MaterialLayers/Metal/T_Rust01_N.uasset" 435
"D:/UnrealEngine/Projects/PortfolioEHub/PortfolioE/PortfolioE/Content/ParagonSevarog/Characters/Global/MaterialLayers/Leather/T_Worn_Under_Leather.uasset" 436
"D:/UnrealEngine/Projects/PortfolioEHub/PortfolioE/PortfolioE/Content/ParagonSevarog/Characters/Global/MaterialLayers/Leather/ML_Worn_Under_Leather.uasset" 437
"D:/UnrealEngine/Projects/PortfolioEHub/PortfolioE/PortfolioE/Content/ParagonSevarog/Characters/Global/MaterialLayers/Metal/T_RoughMetal01_N2.uasset" 438
"D:/UnrealEngine/Projects/PortfolioEHub/PortfolioE/PortfolioE/Content/ParagonSevarog/Characters/Heroes/Sevarog/Textures/T_IronRust_Tile_D.uasset" 439
"D:/UnrealEngine/Projects/PortfolioEHub/PortfolioE/PortfolioE/Content/ParagonSevarog/Characters/Heroes/Sevarog/Textures/T_IronRust_Tile_N.uasset" 440
"D:/UnrealEngine/Projects/PortfolioEHub/PortfolioE/PortfolioE/Content/ParagonSevarog/Characters/Global/MaterialLayers/Metal/ML_Rust02.uasset" 441
"D:/UnrealEngine/Projects/PortfolioEHub/PortfolioE/PortfolioE/Content/ParagonSevarog/Characters/Global/MaterialLayers/Metal/T_RoughMetal01_N.uasset" 442
"D:/UnrealEngine/Projects/PortfolioEHub/PortfolioE/PortfolioE/Content/ParagonSevarog/Characters/Global/MaterialLayers/Metal/T_RoughMetal01.uasset" 443
"D:/UnrealEngine/Projects/PortfolioEHub/PortfolioE/PortfolioE/Content/ParagonSevarog/Characters/Global/MaterialLayers/Metal/ML_Steel.uasset" 444
"D:/UnrealEngine/Projects/PortfolioEHub/PortfolioE/PortfolioE/Content/ParagonSevarog/Characters/Global/FX/Textures/Masks/T_spiritplane_arcs.uasset" 445
"D:/UnrealEngine/Projects/PortfolioEHub/PortfolioE/PortfolioE/Content/ParagonSevarog/Characters/Global/FX/Textures/Tile/Cloud/T_filter_clouds.uasset" 446
"D:/UnrealEngine/Projects/PortfolioEHub/PortfolioE/PortfolioE/Content/ParagonSevarog/Characters/Heroes/Sevarog/Textures/T_Sevarog_Torso_Mask1.uasset" 447
"D:/UnrealEngine/Projects/PortfolioEHub/PortfolioE/PortfolioE/Content/ParagonSevarog/Characters/Heroes/Sevarog/Textures/T_Smoke_01.uasset" 448
"D:/UnrealEngine/Projects/PortfolioEHub/PortfolioE/PortfolioE/Content/ParagonSevarog/Characters/Heroes/Sevarog/Materials/MF_Sevarog_Glow.uasset" 449
"D:/UnrealEngine/Projects/PortfolioEHub/PortfolioE/PortfolioE/Content/ParagonSevarog/Characters/Global/MaterialLayers/Rock/T_Weathered__Detail001_Mask.uasset" 450
"D:/UnrealEngine/Projects/PortfolioEHub/PortfolioE/PortfolioE/Content/ParagonSevarog/Characters/Heroes/Sevarog/Textures/T_Sevarog_Torso_Mask.uasset" 451
"D:/UnrealEngine/Projects/PortfolioEHub/PortfolioE/PortfolioE/Content/ParagonSevarog/Characters/Heroes/Sevarog/Textures/T_Sevarog_Torso_N.uasset" 452
"D:/UnrealEngine/Projects/PortfolioEHub/PortfolioE/PortfolioE/Content/ParagonSevarog/Characters/Heroes/Sevarog/Textures/T_Sevarog_Torso_RGB.uasset" 453
"D:/UnrealEngine/Projects/PortfolioEHub/PortfolioE/PortfolioE/Content/POE/Effects/Textures/T_Water_M.uasset" 454
"D:/UnrealEngine/Projects/PortfolioEHub/PortfolioE/PortfolioE/Content/ParagonSevarog/Characters/Heroes/Sevarog/Materials/M_Sevarog_Torso_2.uasset" 455
"D:/UnrealEngine/Projects/PortfolioEHub/PortfolioE/PortfolioE/Content/ParagonSevarog/Characters/Heroes/Sevarog/Materials/M_Sevarog_Torso_2_Inst.uasset" 456
"D:/UnrealEngine/Projects/PortfolioEHub/PortfolioE/PortfolioE/Content/ParagonSevarog/Characters/Heroes/Sevarog/Materials/M_invis.uasset" 457
"D:/UnrealEngine/Projects/PortfolioEHub/PortfolioE/PortfolioE/Content/ParagonSevarog/Characters/Global/MaterialLayers/Metal/T_Sevarog_Metal_Tiling_D.uasset" 458
"D:/UnrealEngine/Projects/PortfolioEHub/PortfolioE/PortfolioE/Content/ParagonSevarog/Characters/Global/MaterialLayers/Metal/ML_Scratched_metal.uasset" 459
"D:/UnrealEngine/Projects/PortfolioEHub/PortfolioE/PortfolioE/Content/ParagonSevarog/Characters/Heroes/Sevarog/Materials/MF_SevarogArmorStack.uasset" 460
"D:/UnrealEngine/Projects/PortfolioEHub/PortfolioE/PortfolioE/Content/ParagonSevarog/Characters/Heroes/Sevarog/Textures/T_Sevarog_ArmourR_Mask.uasset" 461
"D:/UnrealEngine/Projects/PortfolioEHub/PortfolioE/PortfolioE/Content/ParagonSevarog/Characters/Heroes/Sevarog/Textures/T_Sevarog_ArmourR_N.uasset" 462
"D:/UnrealEngine/Projects/PortfolioEHub/PortfolioE/PortfolioE/Content/ParagonSevarog/Characters/Heroes/Sevarog/Materials/M_Sevarog_ArmourRuins.uasset" 463
"../../../Engine/Content/Functions/MaterialLayerFunctions/MatLayerBlend_NormalFlatten.uasset" 464
"D:/UnrealEngine/Projects/PortfolioEHub/PortfolioE/PortfolioE/Content/ParagonSevarog/Characters/Global/MaterialLayers/Leather/ML_Dark_Leather_Brown.uasset" 465
"D:/UnrealEngine/Projects/PortfolioEHub/PortfolioE/PortfolioE/Content/ParagonSevarog/Characters/Global/MaterialLayers/Metal/T_Sevarog_Machine_Base_RGB.uasset" 466
"D:/UnrealEngine/Projects/PortfolioEHub/PortfolioE/PortfolioE/Content/ParagonSevarog/Characters/Global/MaterialLayers/Metal/ML_Steel_rough.uasset" 467
"D:/UnrealEngine/Projects/PortfolioEHub/PortfolioE/PortfolioE/Content/ParagonSevarog/Characters/Heroes/Sevarog/Textures/T_Sevarog_Arms_BackCloth_Mask1.uasset" 468
"D:/UnrealEngine/Projects/PortfolioEHub/PortfolioE/PortfolioE/Content/ParagonSevarog/Characters/Heroes/Sevarog/Textures/T_Sevarog_Arms_BackCloth_N.uasset" 469
"D:/UnrealEngine/Projects/PortfolioEHub/PortfolioE/PortfolioE/Content/ParagonSevarog/Characters/Heroes/Sevarog/Textures/T_Sevarog_Arms_BackCloth_RGB.uasset" 470
"D:/UnrealEngine/Projects/PortfolioEHub/PortfolioE/PortfolioE/Content/ParagonSevarog/Characters/Heroes/Sevarog/Materials/M_Sevarog_Back_01.uasset" 471
"D:/UnrealEngine/Projects/PortfolioEHub/PortfolioE/PortfolioE/Content/ParagonSevarog/Characters/Heroes/Sevarog/Textures/T_Sevarog_Belt_Chainmall_Hammer_Mask.uasset" 472
"D:/UnrealEngine/Projects/PortfolioEHub/PortfolioE/PortfolioE/Content/ParagonSevarog/Characters/Heroes/Sevarog/Textures/T_Sevarog_Belt_Chainmall_Hammer_Mask1.uasset" 473
"D:/UnrealEngine/Projects/PortfolioEHub/PortfolioE/PortfolioE/Content/ParagonSevarog/Characters/Heroes/Sevarog/Textures/T_Sevarog_Belt_Chainmall_Hammer_N.uasset" 474
"D:/UnrealEngine/Projects/PortfolioEHub/PortfolioE/PortfolioE/Content/ParagonSevarog/Characters/Heroes/Sevarog/Textures/T_Sevarog_Belt_Chainmall_Hammer_RGB.uasset" 475
"D:/UnrealEngine/Projects/PortfolioEHub/PortfolioE/PortfolioE/Content/ParagonSevarog/Characters/Heroes/Sevarog/Materials/M_Sevarog_Chainmail.uasset" 476
"D:/UnrealEngine/Projects/PortfolioEHub/PortfolioE/PortfolioE/Content/ParagonSevarog/Characters/Global/FX/Textures/Masks/T_simple_circle_mask.uasset" 477
"D:/UnrealEngine/Projects/PortfolioEHub/PortfolioE/PortfolioE/Content/ParagonSevarog/Characters/Global/FX/Materials/Functions/MF_DitheredBumpOffsetSample.uasset" 478
"D:/UnrealEngine/Projects/PortfolioEHub/PortfolioE/PortfolioE/Content/ParagonSevarog/Characters/Global/FX/Materials/Functions/MF_FuzzyBumpOffset.uasset" 479
"D:/UnrealEngine/Projects/PortfolioEHub/PortfolioE/PortfolioE/Content/ParagonSevarog/Characters/Global/MaterialLayers/Rock/T_MarbleVein_D.uasset" 480
"D:/UnrealEngine/Projects/PortfolioEHub/PortfolioE/PortfolioE/Content/ParagonSevarog/Characters/Global/MaterialLayers/Rock/T_Metal_Scratched.uasset" 481
"D:/UnrealEngine/Projects/PortfolioEHub/PortfolioE/PortfolioE/Content/ParagonSevarog/Characters/Global/MaterialLayers/Rock/MF_ObsidionCracked.uasset" 482
"D:/UnrealEngine/Projects/PortfolioEHub/PortfolioE/PortfolioE/Content/ParagonSevarog/Characters/Heroes/Sevarog/Materials/M_Sevarog_Hammer_01.uasset" 483
"D:/UnrealEngine/Projects/PortfolioEHub/PortfolioE/PortfolioE/Content/ParagonSevarog/Characters/Heroes/Sevarog/Materials/M_Sevarog_Torso.uasset" 484
"D:/UnrealEngine/Projects/PortfolioEHub/PortfolioE/PortfolioE/Content/ParagonSevarog/Characters/Heroes/Sevarog/Meshes/Sevarog_ShadowCyl.uasset" 485
"D:/UnrealEngine/Projects/PortfolioEHub/PortfolioE/PortfolioE/Content/ParagonSevarog/Characters/Heroes/Sevarog/Meshes/Sevarog_Skeleton.uasset" 486
"D:/UnrealEngine/Projects/PortfolioEHub/PortfolioE/PortfolioE/Content/ParagonSevarog/Characters/Heroes/Sevarog/Meshes/Sevarog.uasset" 487
"D:/UnrealEngine/Projects/PortfolioEHub/PortfolioE/PortfolioE/Content/InfinityBladeWarriors/Character/CompleteCharacters/Textures_Materials/CharM_Forge/CharM_Forge_D.uasset" 488
"D:/UnrealEngine/Projects/PortfolioEHub/PortfolioE/PortfolioE/Content/InfinityBladeWarriors/Character/CompleteCharacters/Textures_Materials/CharM_Forge/CharM_Forge_MetalMask.uasset" 489
"D:/UnrealEngine/Projects/PortfolioEHub/PortfolioE/PortfolioE/Content/InfinityBladeWarriors/Character/CompleteCharacters/Textures_Materials/CharM_Forge/CharM_Forge_N.uasset" 490
"D:/UnrealEngine/Projects/PortfolioEHub/PortfolioE/PortfolioE/Content/InfinityBladeWarriors/Character/CompleteCharacters/Textures_Materials/CharM_Forge/M_Char_Forge.uasset" 491
"D:/UnrealEngine/Projects/PortfolioEHub/PortfolioE/PortfolioE/Content/InfinityBladeWarriors/Character/CompleteCharacters/SK_Mannequin_Skeleton.uasset" 492
"D:/UnrealEngine/Projects/PortfolioEHub/PortfolioE/PortfolioE/Content/InfinityBladeWarriors/Character/CompleteCharacters/SK_CharM_Forge.uasset" 493
"D:/UnrealEngine/Projects/PortfolioEHub/PortfolioE/PortfolioE/Content/POE/UIWidget/UI_MenuWidget.uasset" 494
"D:/UnrealEngine/Projects/PortfolioEHub/PortfolioE/PortfolioE/Content/POE/UIWidget/UI_StageStartPanel.uasset" 495
"D:/UnrealEngine/Projects/PortfolioEHub/PortfolioE/PortfolioE/Content/POE/UIWidget/UI_ActorStatusView.uasset" 496
"D:/UnrealEngine/Projects/PortfolioEHub/PortfolioE/PortfolioE/Content/ParagonSevarog/Characters/Heroes/Sevarog/Animations/Speedburst.uasset" 497
"D:/UnrealEngine/Projects/PortfolioEHub/PortfolioE/PortfolioE/Content/POE/Animations/Sevarog/SevarogDash_Montage.uasset" 498
"D:/UnrealEngine/Projects/PortfolioEHub/PortfolioE/PortfolioE/Content/ParagonSevarog/Characters/Heroes/Sevarog/Animations/Cast.uasset" 499
"D:/UnrealEngine/Projects/PortfolioEHub/PortfolioE/PortfolioE/Content/POE/Animations/Sevarog/SevarogMagicAttack_Montage.uasset" 500
"D:/UnrealEngine/Projects/PortfolioEHub/PortfolioE/PortfolioE/Content/ParagonSevarog/Characters/Heroes/Sevarog/Animations/Swing1_120fps.uasset" 501
"D:/UnrealEngine/Projects/PortfolioEHub/PortfolioE/PortfolioE/Content/ParagonSevarog/Characters/Heroes/Sevarog/Animations/Swing2_120fps.uasset" 502
"D:/UnrealEngine/Projects/PortfolioEHub/PortfolioE/PortfolioE/Content/ParagonSevarog/Characters/Heroes/Sevarog/Animations/Swing3_Slow_120fps.uasset" 503
"D:/UnrealEngine/Projects/PortfolioEHub/PortfolioE/PortfolioE/Content/POE/Animations/Sevarog/SevarogMeleeAttack_Montage.uasset" 504
"D:/UnrealEngine/Projects/PortfolioEHub/PortfolioE/PortfolioE/Content/ParagonGrux/Characters/Heroes/Grux/Meshes/Paragon_Proto_Retarget.uasset" 505
"D:/UnrealEngine/Projects/PortfolioEHub/PortfolioE/PortfolioE/Content/ParagonGrux/Characters/Heroes/Grux/Meshes/Grux_Skeleton.uasset" 506
"D:/UnrealEngine/Projects/PortfolioEHub/PortfolioE/PortfolioE/Content/ParagonGrux/Characters/Heroes/Grux/Animations/Idle.uasset" 507
"D:/UnrealEngine/Projects/PortfolioEHub/PortfolioE/PortfolioE/Content/ParagonGrux/Characters/Heroes/Grux/Animations/HitReact_Back.uasset" 508
"D:/UnrealEngine/Projects/PortfolioEHub/PortfolioE/PortfolioE/Content/ParagonGrux/Characters/Heroes/Grux/Animations/HitReact_Front.uasset" 509
"D:/UnrealEngine/Projects/PortfolioEHub/PortfolioE/PortfolioE/Content/POE/Animations/Grux/GruxHit_Montage.uasset" 510
"D:/UnrealEngine/Projects/PortfolioEHub/PortfolioE/PortfolioE/Content/ParagonGrux/Characters/Heroes/Grux/Animations/DoublePain.uasset" 511
"D:/UnrealEngine/Projects/PortfolioEHub/PortfolioE/PortfolioE/Content/POE/Animations/Grux/GruxDoubleAttack_Montage.uasset" 512
"D:/UnrealEngine/Projects/PortfolioEHub/PortfolioE/PortfolioE/Content/ParagonGrux/Characters/Heroes/Grux/Animations/PrimaryAttack_RA.uasset" 513
"D:/UnrealEngine/Projects/PortfolioEHub/PortfolioE/PortfolioE/Content/ParagonGrux/Characters/Heroes/Grux/Animations/PrimaryAttack_Start.uasset" 514
"D:/UnrealEngine/Projects/PortfolioEHub/PortfolioE/PortfolioE/Content/POE/Animations/Grux/GruxAttack_Montage.uasset" 515
"D:/UnrealEngine/Projects/PortfolioEHub/PortfolioE/PortfolioE/Content/QuadrapedCreatures/Barghest/Meshes/BARGHEST_Skeleton.uasset" 516
"D:/UnrealEngine/Projects/PortfolioEHub/PortfolioE/PortfolioE/Content/POE/Animations/Monster/MonsterNormal1Hit_Montage.uasset" 517
"D:/UnrealEngine/Projects/PortfolioEHub/PortfolioE/PortfolioE/Content/QuadrapedCreatures/Barghest/Animations/BARGHEST_biteAggressive.uasset" 518
"D:/UnrealEngine/Projects/PortfolioEHub/PortfolioE/PortfolioE/Content/POE/Animations/Monster/MonsterNormal1Attack_Montage.uasset" 519
"D:/UnrealEngine/Projects/PortfolioEHub/PortfolioE/PortfolioE/Content/POE/AI/BB_POEMonster.uasset" 520
"D:/UnrealEngine/Projects/PortfolioEHub/PortfolioE/PortfolioE/Content/POE/AI/BT_POEMonster.uasset" 521
"D:/UnrealEngine/Projects/PortfolioEHub/PortfolioE/PortfolioE/Content/POE/UIWidget/UI_DamageText.uasset" 522
"D:/UnrealEngine/Projects/PortfolioEHub/PortfolioE/PortfolioE/Content/POE/Blueprints/UI/BP_FloatingDamageText.uasset" 523
"D:/UnrealEngine/Projects/PortfolioEHub/PortfolioE/PortfolioE/Content/ParagonSevarog/Characters/Heroes/Sevarog/Animations/Idle.uasset" 524
"D:/UnrealEngine/Projects/PortfolioEHub/PortfolioE/PortfolioE/Content/ParagonSevarog/Characters/Heroes/Sevarog/Animations/Jog_Fwd.uasset" 525
"D:/UnrealEngine/Projects/PortfolioEHub/PortfolioE/PortfolioE/Content/POE/Blueprints/Animations/SevarogAnim.uasset" 526
"D:/UnrealEngine/Projects/PortfolioEHub/PortfolioE/PortfolioE/Content/ParagonGrux/Characters/Heroes/Grux/Animations/Death_A.uasset" 527
"D:/UnrealEngine/Projects/PortfolioEHub/PortfolioE/PortfolioE/Content/ParagonGrux/Characters/Heroes/Grux/Animations/Jump_Start.uasset" 528
"D:/UnrealEngine/Projects/PortfolioEHub/PortfolioE/PortfolioE/Content/ParagonGrux/Characters/Heroes/Grux/Animations/LaunchPad.uasset" 529
"D:/UnrealEngine/Projects/PortfolioEHub/PortfolioE/PortfolioE/Content/ParagonGrux/Characters/Heroes/Grux/Animations/LevelStart.uasset" 530
"D:/UnrealEngine/Projects/PortfolioEHub/PortfolioE/PortfolioE/Content/ParagonGrux/Characters/Heroes/Grux/Animations/Stampede_Knockup.uasset" 531
"D:/UnrealEngine/Projects/PortfolioEHub/PortfolioE/PortfolioE/Content/ParagonGrux/Characters/Heroes/Grux/Animations/Jog_Fwd.uasset" 532
"D:/UnrealEngine/Projects/PortfolioEHub/PortfolioE/PortfolioE/Content/ParagonGrux/Characters/Heroes/Grux/Animations/Turn_Left_135.uasset" 533
"D:/UnrealEngine/Projects/PortfolioEHub/PortfolioE/PortfolioE/Content/ParagonGrux/Characters/Heroes/Grux/Animations/Turn_Right_135.uasset" 534
"D:/UnrealEngine/Projects/PortfolioEHub/PortfolioE/PortfolioE/Content/POE/Animations/Grux/GruxWalk_BS.uasset" 535
"D:/UnrealEngine/Projects/PortfolioEHub/PortfolioE/PortfolioE/Content/POE/Blueprints/Animations/Grux.uasset" 536
"D:/UnrealEngine/Projects/PortfolioEHub/PortfolioE/PortfolioE/Content/InfinityBladeEffects/Effects/FX_Textures/Tile/T_Black_32.uasset" 537
"D:/UnrealEngine/Projects/PortfolioEHub/PortfolioE/PortfolioE/Content/InfinityBladeEffects/Effects/Masters/M_Trans_Sprite_Master_DepthFade.uasset" 538
"D:/UnrealEngine/Projects/PortfolioEHub/PortfolioE/PortfolioE/Content/InfinityBladeEffects/Effects/FX_Textures/Liquid/T_bloodTest_4X6.uasset" 539
"D:/UnrealEngine/Projects/PortfolioEHub/PortfolioE/PortfolioE/Content/InfinityBladeEffects/Effects/FX_Materials/Liquid/M_Liquid_Spray_01_4X6_INST.uasset" 540
"D:/UnrealEngine/Projects/PortfolioEHub/PortfolioE/PortfolioE/Content/InfinityBladeEffects/Effects/FX_Ambient/Fire/P_Lava_Splashes.uasset" 541
"../../../Engine/Content/EngineMaterials/FlatNormal.uasset" 542
"D:/UnrealEngine/Projects/PortfolioEHub/PortfolioE/PortfolioE/Content/InfinityBladeEffects/Effects/Masters/M_Trans_Sprite_Master_Surface.uasset" 543
"D:/UnrealEngine/Projects/PortfolioEHub/PortfolioE/PortfolioE/Content/InfinityBladeEffects/Effects/FX_Textures/Damage/T_cracks_01_N.uasset" 544
"D:/UnrealEngine/Projects/PortfolioEHub/PortfolioE/PortfolioE/Content/InfinityBladeEffects/Effects/FX_Textures/Damage/T_Cracks_Lightning_01_E.uasset" 545
"D:/UnrealEngine/Projects/PortfolioEHub/PortfolioE/PortfolioE/Content/InfinityBladeEffects/Effects/FX_Materials/Damage/M_CrackedGround_Lightning_01_INST.uasset" 546
"../../../Engine/Content/EngineResources/Black.uasset" 547
"D:/UnrealEngine/Projects/PortfolioEHub/PortfolioE/PortfolioE/Content/InfinityBladeEffects/Effects/Masters/M_Add_Sprite_Master_DepthFade.uasset" 548
"D:/UnrealEngine/Projects/PortfolioEHub/PortfolioE/PortfolioE/Content/InfinityBladeEffects/Effects/FX_Textures/Gradient/FX_Glow_12alpha.uasset" 549
"D:/UnrealEngine/Projects/PortfolioEHub/PortfolioE/PortfolioE/Content/InfinityBladeEffects/Effects/FX_Materials/Gradient/M_Flare_09_Inst.uasset" 550
"D:/UnrealEngine/Projects/PortfolioEHub/PortfolioE/PortfolioE/Content/InfinityBladeEffects/Effects/Masters/M_Add_Sprite_Master.uasset" 551
"D:/UnrealEngine/Projects/PortfolioEHub/PortfolioE/PortfolioE/Content/InfinityBladeEffects/Effects/FX_Textures/Gradient/T_Flare_Streaks_02.uasset" 552
"D:/UnrealEngine/Projects/PortfolioEHub/PortfolioE/PortfolioE/Content/InfinityBladeEffects/Effects/FX_Materials/Gradient/M_Flare_Streak_01_INST.uasset" 553
"D:/UnrealEngine/Projects/PortfolioEHub/PortfolioE/PortfolioE/Content/InfinityBladeEffects/Effects/Masters/M_Trans_Sprite_SubUV_Master.uasset" 554
"D:/UnrealEngine/Projects/PortfolioEHub/PortfolioE/PortfolioE/Content/InfinityBladeEffects/Effects/FX_Textures/Lightning/T_Lightning_Arc_4x1.uasset" 555
"D:/UnrealEngine/Projects/PortfolioEHub/PortfolioE/PortfolioE/Content/InfinityBladeEffects/Effects/FX_Materials/Lightning/M_Lightning_Arc_01_Trans_4X1_INST.uasset" 556
"D:/UnrealEngine/Projects/PortfolioEHub/PortfolioE/PortfolioE/Content/InfinityBladeEffects/Effects/Masters/M_Add_Sprite_SubUV_Master.uasset" 557
"D:/UnrealEngine/Projects/PortfolioEHub/PortfolioE/PortfolioE/Content/InfinityBladeEffects/Effects/FX_Textures/Lightning/T_Lightning_Bolt_01.uasset" 558
"D:/UnrealEngine/Projects/PortfolioEHub/PortfolioE/PortfolioE/Content/InfinityBladeEffects/Effects/FX_Materials/Lightning/M_Lightning_Bolt_01_Add_4X1_INST.uasset" 559
"D:/UnrealEngine/Projects/PortfolioEHub/PortfolioE/PortfolioE/Content/InfinityBladeEffects/Effects/Masters/M_Add_Sprite_2Sided_Master.uasset" 560
"D:/UnrealEngine/Projects/PortfolioEHub/PortfolioE/PortfolioE/Content/InfinityBladeEffects/Effects/FX_Textures/Gradient/T_BlastWave.uasset" 561
"D:/UnrealEngine/Projects/PortfolioEHub/PortfolioE/PortfolioE/Content/InfinityBladeEffects/Effects/FX_Materials/M_Shockwave_01_Add_2Side_INST.uasset" 562
"D:/UnrealEngine/Projects/PortfolioEHub/PortfolioE/PortfolioE/Content/InfinityBladeEffects/Effects/Masters/M_Trans_Sprite_SubUV_Master_DepthFade.uasset" 563
"D:/UnrealEngine/Projects/PortfolioEHub/PortfolioE/PortfolioE/Content/InfinityBladeEffects/Effects/FX_Textures/Smoke/T_Smoke_subUV_01.uasset" 564
"D:/UnrealEngine/Projects/PortfolioEHub/PortfolioE/PortfolioE/Content/InfinityBladeEffects/Effects/FX_Materials/Smoke/M_Smoke_02_Trans_6X6_INST.uasset" 565
"D:/UnrealEngine/Projects/PortfolioEHub/PortfolioE/PortfolioE/Content/InfinityBladeEffects/Effects/FX_Meshes/Skills/SM_BlastWave.uasset" 566
"D:/UnrealEngine/Projects/PortfolioEHub/PortfolioE/PortfolioE/Content/InfinityBladeEffects/Effects/FX_Monsters/FX_Monster_Genno/P_Genno_Overhead_Imp_01.uasset" 567
"../../../Engine/Content/Functions/Engine_MaterialFunctions01/ImageAdjustment/BlurSampleOffsets.uasset" 568
"../../../Engine/Content/Functions/Engine_MaterialFunctions01/ImageAdjustment/SceneTextureAverage.uasset" 569
"../../../Engine/Content/Functions/Engine_MaterialFunctions02/Utility/CameraVectorWithWPOOptions.uasset" 570
"D:/UnrealEngine/Projects/PortfolioEHub/PortfolioE/PortfolioE/Content/ParagonGrux/Characters/Global/Eyes/Textures/T_EyeOcclusion2.uasset" 571
"D:/UnrealEngine/Projects/PortfolioEHub/PortfolioE/PortfolioE/Content/ParagonGrux/Characters/Global/Eyes/Materials/M_Eye_Occlusion.uasset" 572
"D:/UnrealEngine/Projects/PortfolioEHub/PortfolioE/PortfolioE/Content/ParagonGrux/Characters/Global/MaterialLayers/T_TestML_Mask.uasset" 573
"D:/UnrealEngine/Projects/PortfolioEHub/PortfolioE/PortfolioE/Content/ParagonGrux/Characters/Global/MaterialLayers/ML__Blank.uasset" 574
"D:/UnrealEngine/Projects/PortfolioEHub/PortfolioE/PortfolioE/Content/ParagonGrux/Characters/Global/ParameterCollections/OrionGlobalGameplayCollection.uasset" 575
"D:/UnrealEngine/Projects/PortfolioEHub/PortfolioE/PortfolioE/Content/ParagonGrux/Characters/Global/MaterialFunctions/HitFlash.uasset" 576
"D:/UnrealEngine/Projects/PortfolioEHub/PortfolioE/PortfolioE/Content/ParagonGrux/Characters/Global/MaterialFunctions/MaterialLayerConstructors/MLC_ScratchAndGrime.uasset" 577
"D:/UnrealEngine/Projects/PortfolioEHub/PortfolioE/PortfolioE/Content/ParagonGrux/Characters/Global/MaterialFunctions/MaterialLayerConstructors/MLC_Standard.uasset" 578
"D:/UnrealEngine/Projects/PortfolioEHub/PortfolioE/PortfolioE/Content/ParagonGrux/Characters/Global/MaterialFunctions/MF_BrightnessAdjust.uasset" 579
"D:/UnrealEngine/Projects/PortfolioEHub/PortfolioE/PortfolioE/Content/ParagonGrux/Characters/Global/MaterialFunctions/Textures/T_AtmosphericCloudNoise01.uasset" 580
"D:/UnrealEngine/Projects/PortfolioEHub/PortfolioE/PortfolioE/Content/ParagonGrux/Characters/Global/MaterialFunctions/Textures/T_AtmosphericCloudNoise01_N.uasset" 581
"D:/UnrealEngine/Projects/PortfolioEHub/PortfolioE/PortfolioE/Content/ParagonGrux/Characters/Global/MaterialFunctions/Textures/T_AtmosphericCloudNoise03.uasset" 582
"D:/UnrealEngine/Projects/PortfolioEHub/PortfolioE/PortfolioE/Content/ParagonGrux/Characters/Global/MaterialFunctions/MF_DeathFade.uasset" 583
"D:/UnrealEngine/Projects/PortfolioEHub/PortfolioE/PortfolioE/Content/ParagonGrux/Characters/Global/MaterialLayers/Metal/T_Blue_Metal02.uasset" 584
"D:/UnrealEngine/Projects/PortfolioEHub/PortfolioE/PortfolioE/Content/ParagonGrux/Characters/Global/MaterialLayers/Rubber/T_Blank_N.uasset" 585
"D:/UnrealEngine/Projects/PortfolioEHub/PortfolioE/PortfolioE/Content/ParagonGrux/Characters/Global/MaterialLayers/Metal/ML_blue_Metal.uasset" 586
"D:/UnrealEngine/Projects/PortfolioEHub/PortfolioE/PortfolioE/Content/ParagonGrux/Characters/Global/MaterialFunctions/MF_OrionRimlight.uasset" 587
"D:/UnrealEngine/Projects/PortfolioEHub/PortfolioE/PortfolioE/Content/ParagonGrux/Characters/Global/MaterialFunctions/MF_CharacterEffects.uasset" 588
"D:/UnrealEngine/Projects/PortfolioEHub/PortfolioE/PortfolioE/Content/ParagonGrux/Characters/Global/Eyes/Textures/Eye_Tearduct__normals2.uasset" 589
"D:/UnrealEngine/Projects/PortfolioEHub/PortfolioE/PortfolioE/Content/ParagonGrux/Characters/Global/Eyes/Textures/TearDuctSubsurfaceProfile.uasset" 590
"D:/UnrealEngine/Projects/PortfolioEHub/PortfolioE/PortfolioE/Content/ParagonGrux/Characters/Global/Eyes/Materials/M_TearDuct_2.uasset" 591
"D:/UnrealEngine/Projects/PortfolioEHub/PortfolioE/PortfolioE/Content/ParagonGrux/Characters/Global/Eyes/Materials/M_TearLine.uasset" 592
"D:/UnrealEngine/Projects/PortfolioEHub/PortfolioE/PortfolioE/Content/ParagonGrux/Characters/Global/MaterialFunctions/MaterialLayerConstructors/MF_BaseColorTintAndContrast.uasset" 593
"D:/UnrealEngine/Projects/PortfolioEHub/PortfolioE/PortfolioE/Content/ParagonGrux/Characters/Global/MaterialFunctions/MaterialLayerConstructors/MF_RoughnessAdjustment.uasset" 594
"D:/UnrealEngine/Projects/PortfolioEHub/PortfolioE/PortfolioE/Content/ParagonGrux/Characters/Global/MaterialFunctions/MF_ClothShading.uasset" 595
"D:/UnrealEngine/Projects/PortfolioEHub/PortfolioE/PortfolioE/Content/ParagonGrux/Characters/Global/T_Black_Linear.uasset" 596
"D:/UnrealEngine/Projects/PortfolioEHub/PortfolioE/PortfolioE/Content/ParagonGrux/Characters/Global/MaterialFunctions/MF_OrionCharacterAO.uasset" 597
"D:/UnrealEngine/Projects/PortfolioEHub/PortfolioE/PortfolioE/Content/ParagonGrux/Characters/Global/MaterialLayers/Fabric/T_ML_Canvas_Grey01_N.uasset" 598
"D:/UnrealEngine/Projects/PortfolioEHub/PortfolioE/PortfolioE/Content/ParagonGrux/Characters/Global/MaterialLayers/Fabric/T_ML_Canvas_Grey01.uasset" 599
"D:/UnrealEngine/Projects/PortfolioEHub/PortfolioE/PortfolioE/Content/ParagonGrux/Characters/Global/MaterialLayers/Fabric/ML_Canvas_Grey01.uasset" 600
"D:/UnrealEngine/Projects/PortfolioEHub/PortfolioE/PortfolioE/Content/ParagonGrux/Characters/Global/MaterialLayers/Metal/T_Gadget_Machine_Base_RGB.uasset" 601
"D:/UnrealEngine/Projects/PortfolioEHub/PortfolioE/PortfolioE/Content/ParagonGrux/Characters/Global/MaterialLayers/Metal/T_RoughMetal01_N.uasset" 602
"D:/UnrealEngine/Projects/PortfolioEHub/PortfolioE/PortfolioE/Content/ParagonGrux/Characters/Global/MaterialLayers/Metal/T_RoughMetal01.uasset" 603
"D:/UnrealEngine/Projects/PortfolioEHub/PortfolioE/PortfolioE/Content/ParagonGrux/Characters/Global/MaterialLayers/Metal/T_RoughMetal01_N2.uasset" 604
"D:/UnrealEngine/Projects/PortfolioEHub/PortfolioE/PortfolioE/Content/ParagonGrux/Characters/Global/MaterialLayers/Metal/ML_Steel_rough.uasset" 605
"D:/UnrealEngine/Projects/PortfolioEHub/PortfolioE/PortfolioE/Content/ParagonGrux/Characters/Global/FX/Textures/Tile/Cloud/T_Clouds_01.uasset" 606
"D:/UnrealEngine/Projects/PortfolioEHub/PortfolioE/PortfolioE/Content/ParagonGrux/Characters/Heroes/Grux/Textures/T_Grux_accessory_EmissiveMask.uasset" 607
"D:/UnrealEngine/Projects/PortfolioEHub/PortfolioE/PortfolioE/Content/ParagonGrux/Characters/Heroes/Grux/Materials/Functions/mf_GruxEmissive_Weapons.uasset" 608
"D:/UnrealEngine/Projects/PortfolioEHub/PortfolioE/PortfolioE/Content/ParagonGrux/Characters/Heroes/Grux/Textures/T_Grux_accessory_Mask01.uasset" 609
"D:/UnrealEngine/Projects/PortfolioEHub/PortfolioE/PortfolioE/Content/ParagonGrux/Characters/Heroes/Grux/Textures/T_Grux_accessory_normals.uasset" 610
"D:/UnrealEngine/Projects/PortfolioEHub/PortfolioE/PortfolioE/Content/ParagonGrux/Characters/Heroes/Grux/Materials/M_Grux_Accessory.uasset" 611
"D:/UnrealEngine/Projects/PortfolioEHub/PortfolioE/PortfolioE/Content/ParagonGrux/Characters/Global/FX/Textures/Tile/Noise/T_Voronoi_Cells_02.uasset" 612
"D:/UnrealEngine/Projects/PortfolioEHub/PortfolioE/PortfolioE/Content/ParagonGrux/Characters/Heroes/Grux/Materials/Functions/mf_GruxEmissive_TorsoGlow.uasset" 613
"D:/UnrealEngine/Projects/PortfolioEHub/PortfolioE/PortfolioE/Content/ParagonGrux/Characters/Heroes/Grux/Materials/Grux_SS_Profile.uasset" 614
"D:/UnrealEngine/Projects/PortfolioEHub/PortfolioE/PortfolioE/Content/ParagonGrux/Characters/Heroes/Grux/Skins/Tier_1/War_Chief/Textures/T_Grux_Torso_TribalMask01.uasset" 615
"D:/UnrealEngine/Projects/PortfolioEHub/PortfolioE/PortfolioE/Content/ParagonGrux/Characters/Heroes/Grux/Textures/T_Grux_Skin_Elephant.uasset" 616
"D:/UnrealEngine/Projects/PortfolioEHub/PortfolioE/PortfolioE/Content/ParagonGrux/Characters/Heroes/Grux/Textures/T_Grux_Skin_Elephant_Color.uasset" 617
"D:/UnrealEngine/Projects/PortfolioEHub/PortfolioE/PortfolioE/Content/ParagonGrux/Characters/Heroes/Grux/Textures/T_Grux_Torso_D.uasset" 618
"D:/UnrealEngine/Projects/PortfolioEHub/PortfolioE/PortfolioE/Content/ParagonGrux/Characters/Heroes/Grux/Textures/T_Grux_Torso_Mask01.uasset" 619
"D:/UnrealEngine/Projects/PortfolioEHub/PortfolioE/PortfolioE/Content/ParagonGrux/Characters/Heroes/Grux/Textures/T_Grux_Torso_Mask03.uasset" 620
"D:/UnrealEngine/Projects/PortfolioEHub/PortfolioE/PortfolioE/Content/ParagonGrux/Characters/Heroes/Grux/Textures/T_Grux_Torso_normals.uasset" 621
"D:/UnrealEngine/Projects/PortfolioEHub/PortfolioE/PortfolioE/Content/ParagonGrux/Characters/Heroes/Grux/Textures/T_Grux_Torso_Tint_MASK.uasset" 622
"D:/UnrealEngine/Projects/PortfolioEHub/PortfolioE/PortfolioE/Content/ParagonGrux/Characters/Heroes/Grux/Materials/M_Grux_Torso.uasset" 623
"../../../Engine/Content/Functions/Engine_MaterialFunctions01/ImageAdjustment/DeriveHDRfromLDR.uasset" 624
"../../../Engine/Content/Functions/Engine_MaterialFunctions02/HueShift.uasset" 625
"../../../Engine/Content/Functions/Engine_MaterialFunctions02/TangentBasis.uasset" 626
"D:/UnrealEngine/Projects/PortfolioEHub/PortfolioE/PortfolioE/Content/ParagonGrux/Characters/Global/Eyes/Textures/T_EyeMidPlaneDisplacement_Example.uasset" 627
"D:/UnrealEngine/Projects/PortfolioEHub/PortfolioE/PortfolioE/Content/ParagonGrux/Characters/Global/Eyes/MaterialFunctions/ML_EyeRefraction.uasset" 628
"../../../Engine/Content/EngineMaterials/BaseFlattenNormalMap.uasset" 629
"D:/UnrealEngine/Projects/PortfolioEHub/PortfolioE/PortfolioE/Content/ParagonGrux/Characters/Global/FX/Textures/Flares/T_Grux_Corona_D.uasset" 630
"D:/UnrealEngine/Projects/PortfolioEHub/PortfolioE/PortfolioE/Content/ParagonGrux/Characters/Global/MaterialLayers/ML_TacticiaULTEye.uasset" 631
"D:/UnrealEngine/Projects/PortfolioEHub/PortfolioE/PortfolioE/Content/ParagonGrux/Characters/Global/Eyes/Textures/EpicQuadPanorama_CC.uasset" 632
"D:/UnrealEngine/Projects/PortfolioEHub/PortfolioE/PortfolioE/Content/ParagonGrux/Characters/Global/Eyes/Textures/EYE_NORMALS.uasset" 633
"D:/UnrealEngine/Projects/PortfolioEHub/PortfolioE/PortfolioE/Content/ParagonGrux/Characters/Global/Eyes/Textures/EyeInner_Profile.uasset" 634
"D:/UnrealEngine/Projects/PortfolioEHub/PortfolioE/PortfolioE/Content/ParagonGrux/Characters/Global/Eyes/Textures/T_DecalMask_Radial03.uasset" 635
"D:/UnrealEngine/Projects/PortfolioEHub/PortfolioE/PortfolioE/Content/ParagonGrux/Characters/Global/Eyes/Textures/T_Eye_Wet_Normal.uasset" 636
"D:/UnrealEngine/Projects/PortfolioEHub/PortfolioE/PortfolioE/Content/ParagonGrux/Characters/Global/Eyes/Textures/T_EyeIrisBaseColor_Example_2.uasset" 637
"D:/UnrealEngine/Projects/PortfolioEHub/PortfolioE/PortfolioE/Content/ParagonGrux/Characters/Global/Eyes/Textures/T_EyeScleraBaseColor_Example_2.uasset" 638
"D:/UnrealEngine/Projects/PortfolioEHub/PortfolioE/PortfolioE/Content/ParagonGrux/Characters/Global/Eyes/Textures/T_Sphere_EYE_NORMALS.uasset" 639
"D:/UnrealEngine/Projects/PortfolioEHub/PortfolioE/PortfolioE/Content/ParagonGrux/Characters/Global/Eyes/Textures/T_Swirly_Noise.uasset" 640
"D:/UnrealEngine/Projects/PortfolioEHub/PortfolioE/PortfolioE/Content/ParagonGrux/Characters/Global/Eyes/Materials/M_EyeRefractive.uasset" 641
"D:/UnrealEngine/Projects/PortfolioEHub/PortfolioE/PortfolioE/Content/ParagonGrux/Characters/Heroes/Grux/Textures/T_Grux_Eye_D.uasset" 642
"D:/UnrealEngine/Projects/PortfolioEHub/PortfolioE/PortfolioE/Content/ParagonGrux/Characters/Heroes/Grux/Materials/MI_Grux_Eye.uasset" 643
"D:/UnrealEngine/Projects/PortfolioEHub/PortfolioE/PortfolioE/Content/ParagonGrux/Characters/Heroes/Grux/Skins/Tier_1/War_Chief/Textures/T_Grux_Head_TribalMask01.uasset" 644
"D:/UnrealEngine/Projects/PortfolioEHub/PortfolioE/PortfolioE/Content/ParagonGrux/Characters/Heroes/Grux/Textures/T_Grux_Head_D.uasset" 645
"D:/UnrealEngine/Projects/PortfolioEHub/PortfolioE/PortfolioE/Content/ParagonGrux/Characters/Heroes/Grux/Textures/T_Grux_Head_Mask01.uasset" 646
"D:/UnrealEngine/Projects/PortfolioEHub/PortfolioE/PortfolioE/Content/ParagonGrux/Characters/Heroes/Grux/Textures/T_Grux_head_normals.uasset" 647
"D:/UnrealEngine/Projects/PortfolioEHub/PortfolioE/PortfolioE/Content/ParagonGrux/Characters/Heroes/Grux/Materials/MI_Grux_Head.uasset" 648
"D:/UnrealEngine/Projects/PortfolioEHub/PortfolioE/PortfolioE/Content/ParagonGrux/Characters/Heroes/Grux/Skins/Tier_1/War_Chief/Textures/T_Grux_TribalLegshandsMask01.uasset" 649
"D:/UnrealEngine/Projects/PortfolioEHub/PortfolioE/PortfolioE/Content/ParagonGrux/Characters/Heroes/Grux/Textures/T_Grux_LegsHands_D.uasset" 650
"D:/UnrealEngine/Projects/PortfolioEHub/PortfolioE/PortfolioE/Content/ParagonGrux/Characters/Heroes/Grux/Textures/T_Grux_Legshands_normals.uasset" 651
"D:/UnrealEngine/Projects/PortfolioEHub/PortfolioE/PortfolioE/Content/ParagonGrux/Characters/Heroes/Grux/Textures/T_Grux_LegshandsMask01.uasset" 652
"D:/UnrealEngine/Projects/PortfolioEHub/PortfolioE/PortfolioE/Content/ParagonGrux/Characters/Heroes/Grux/Textures/T_Grux_LegshandsMask02.uasset" 653
"D:/UnrealEngine/Projects/PortfolioEHub/PortfolioE/PortfolioE/Content/ParagonGrux/Characters/Heroes/Grux/Materials/MI_Grux_LegsHands.uasset" 654
"D:/UnrealEngine/Projects/PortfolioEHub/PortfolioE/PortfolioE/Content/ParagonGrux/Characters/Heroes/Grux/Meshes/Grux_CylShadows.uasset" 655
"D:/UnrealEngine/Projects/PortfolioEHub/PortfolioE/PortfolioE/Content/ParagonGrux/Characters/Heroes/Grux/Meshes/Grux_Extents.uasset" 656
"D:/UnrealEngine/Projects/PortfolioEHub/PortfolioE/PortfolioE/Content/ParagonGrux/Characters/Heroes/Grux/Meshes/Grux.uasset" 657
"../../Plugins/2D/Paper2D/Content/PlaceholderTextures/DummySpriteTexture.uasset" 658
"../../Plugins/2D/Paper2D/Content/DummySprite.uasset" 659
"../../Plugins/2D/Paper2D/Content/DefaultPaperTerrainMaterial.uasset" 660
"../../Plugins/2D/Paper2D/Content/DefaultSpriteMaterial.uasset" 661
"../../Plugins/2D/Paper2D/Content/MaskedUnlitSpriteMaterial.uasset" 662
"../../Plugins/2D/Paper2D/Content/OpaqueUnlitSpriteMaterial.uasset" 663
"../../Plugins/Media/MediaCompositing/Content/DefaultMediaPlaneTexture.uasset" 664
"../../Plugins/Media/MediaCompositing/Content/DefaultMediaPlaneMaterial.uasset" 665
"../../../Engine/Content/Functions/Engine_MaterialFunctions02/Utility/MakeFloat4.uasset" 666
"../../Plugins/Runtime/AppleARKit/Content/ARKitCameraMaterial.uasset" 667
"../../Plugins/Runtime/Oculus/OculusVR/Content/Textures/GearVRController_AO.uasset" 668
"../../Plugins/Runtime/Oculus/OculusVR/Content/Textures/GearVRController_Color.uasset" 669
"../../Plugins/Runtime/Oculus/OculusVR/Content/Textures/GearVRController_Normal.uasset" 670
"../../Plugins/Runtime/Oculus/OculusVR/Content/Materials/GearVRControllerMaterial.uasset" 671
"../../Plugins/Runtime/Oculus/OculusVR/Content/Meshes/GearVrController.uasset" 672
"../../../Engine/Content/Maps/Entry.umap" 673
"../../../Engine/Content/EngineSky/C_Sky_Cloud_Color.uasset" 674
"../../../Engine/Content/EngineSky/C_Sky_Horizon_Color.uasset" 675
"../../../Engine/Content/EngineSky/C_Sky_Zenith_Color.uasset" 676
"../../../Engine/Content/EngineSky/T_Sky_Blue.uasset" 677
"../../../Engine/Content/EngineSky/T_Sky_Clouds_M.uasset" 678
"../../../Engine/Content/EngineSky/T_Sky_Stars.uasset" 679
"../../../Engine/Content/EngineSky/M_Sky_Panning_Clouds2.uasset" 680
"../../../Engine/Content/EngineSky/SM_SkySphere.uasset" 681
"../../../Engine/Content/EngineSky/BP_Sky_Sphere.uasset" 682
"../../../Engine/Content/Functions/Engine_MaterialFunctions02/SplitComponents.uasset" 683
"D:/UnrealEngine/Projects/PortfolioEHub/PortfolioE/PortfolioE/Content/Materials/MF_ConvolveTexture.uasset" 684
"D:/UnrealEngine/Projects/PortfolioEHub/PortfolioE/PortfolioE/Content/Materials/MF_ExtractDepth.uasset" 685
"D:/UnrealEngine/Projects/PortfolioEHub/PortfolioE/PortfolioE/Content/Materials/MF_SampleSceneTextureNeighbourUVs.uasset" 686
"D:/UnrealEngine/Projects/PortfolioEHub/PortfolioE/PortfolioE/Content/Materials/PP_Outliner_M.uasset" 687
"D:/UnrealEngine/Projects/PortfolioEHub/PortfolioE/PortfolioE/Content/Materials/PP_Outliner_Inst.uasset" 688
"D:/UnrealEngine/Projects/PortfolioEHub/PortfolioE/PortfolioE/Content/Geometry/Meshes/CubeMaterial.uasset" 689
"D:/UnrealEngine/Projects/PortfolioEHub/PortfolioE/PortfolioE/Content/Geometry/Meshes/1M_Cube.uasset" 690
"D:/UnrealEngine/Projects/PortfolioEHub/PortfolioE/PortfolioE/Content/Geometry/Meshes/1M_Cube_Chamfer.uasset" 691
"D:/UnrealEngine/Projects/PortfolioEHub/PortfolioE/PortfolioE/Content/POE/Maps/Lobby.umap" 692
"D:/UnrealEngine/Projects/PortfolioEHub/PortfolioE/PortfolioE/Content/QuadrapedCreatures/Barghest/Animations/BARGHEST_deathAggressive.uasset" 693
"D:/UnrealEngine/Projects/PortfolioEHub/PortfolioE/PortfolioE/Content/QuadrapedCreatures/Barghest/Animations/BARGHEST_idleBreathe.uasset" 694
"D:/UnrealEngine/Projects/PortfolioEHub/PortfolioE/PortfolioE/Content/QuadrapedCreatures/Barghest/Animations/BARGHEST_run.uasset" 695
"D:/UnrealEngine/Projects/PortfolioEHub/PortfolioE/PortfolioE/Content/POE/Blueprints/Animations/Normal1_Anim.uasset" 696
"D:/UnrealEngine/Projects/PortfolioEHub/PortfolioE/PortfolioE/Content/QuadrapedCreatures/Barghest/Textures/BARGHEST_BaseColor.uasset" 697
"D:/UnrealEngine/Projects/PortfolioEHub/PortfolioE/PortfolioE/Content/QuadrapedCreatures/Barghest/Textures/BARGHEST_ILLUM.uasset" 698
"D:/UnrealEngine/Projects/PortfolioEHub/PortfolioE/PortfolioE/Content/QuadrapedCreatures/Barghest/Textures/BARGHEST_NRM_2_Yinv.uasset" 699
"D:/UnrealEngine/Projects/PortfolioEHub/PortfolioE/PortfolioE/Content/QuadrapedCreatures/Barghest/Textures/BARGHEST_RoughnessSpecularMetallicAO.uasset" 700
"D:/UnrealEngine/Projects/PortfolioEHub/PortfolioE/PortfolioE/Content/QuadrapedCreatures/Barghest/Materials/M_BARGHEST.uasset" 701
"D:/UnrealEngine/Projects/PortfolioEHub/PortfolioE/PortfolioE/Content/QuadrapedCreatures/Barghest/Meshes/BARGHEST_PhysicsAsset.uasset" 702
"D:/UnrealEngine/Projects/PortfolioEHub/PortfolioE/PortfolioE/Content/QuadrapedCreatures/Barghest/Meshes/SK_BARGHEST.uasset" 703
"D:/UnrealEngine/Projects/PortfolioEHub/PortfolioE/PortfolioE/Content/POE/Blueprints/Actor/POEMonster_Normal1.uasset" 704
"D:/UnrealEngine/Projects/PortfolioEHub/PortfolioE/PortfolioE/Content/POE/Blueprints/TopDownGameMode.uasset" 705
"D:/UnrealEngine/Projects/PortfolioEHub/PortfolioE/PortfolioE/Content/POE/Maps/volatileStage_BuiltData.uasset" 706
"D:/UnrealEngine/Projects/PortfolioEHub/PortfolioE/PortfolioE/Content/POE/Maps/volatileStage.umap" 707
